[2019-03-15 10:10:26] f3il.INFO: App started [] []
[2019-03-15 10:10:30] f3il.INFO: App started [] []
[2019-03-15 10:10:32] f3il.INFO: App started [] []
[2019-03-15 10:10:35] f3il.INFO: App started [] []
[2019-03-15 10:12:52] f3il.INFO: App started [] []
[2019-03-15 10:12:53] f3il.INFO: App started [] []
[2019-03-15 10:12:54] f3il.INFO: App started [] []
[2019-03-15 10:12:55] f3il.INFO: App started [] []
[2019-03-15 10:12:56] f3il.INFO: App started [] []
[2019-03-15 10:22:48] f3il.INFO: App started [] []
[2019-03-15 10:22:49] f3il.INFO: App started [] []
[2019-03-15 10:22:50] f3il.INFO: App started [] []
[2019-03-15 10:25:55] f3il.INFO: App started [] []
[2019-03-15 10:26:05] f3il.INFO: App started [] []
[2019-03-15 10:26:06] f3il.INFO: App started [] []
[2019-03-15 10:26:10] f3il.INFO: App started [] []
[2019-03-15 10:26:12] f3il.INFO: App started [] []
[2019-03-15 10:26:12] f3il.INFO: App started [] []
[2019-03-15 10:29:41] f3il.INFO: App started [] []
[2019-03-15 10:29:47] f3il.INFO: App started [] []
[2019-03-15 10:36:14] f3il.INFO: App started [] []
[2019-03-15 10:36:42] f3il.INFO: App started [] []
[2019-03-15 10:37:15] f3il.INFO: App started [] []
[2019-03-15 10:37:23] f3il.INFO: App started [] []
[2019-03-15 10:37:24] f3il.INFO: App started [] []
[2019-03-15 10:39:14] f3il.INFO: App started [] []
[2019-03-15 10:39:16] f3il.INFO: App started [] []
[2019-03-15 10:39:17] f3il.INFO: App started [] []
[2019-03-15 10:39:56] f3il.INFO: App started [] []
[2019-03-15 10:40:00] f3il.INFO: App started [] []
[2019-03-15 10:40:00] f3il.ERROR: Application : contrôleur introuvable app\Controllers\ errorController {"file":"D:\\tonyb\\Desktop\\Logiciels\\Cours_Formations\\Serveurs\\Laragon\\www\\Bachelor\\TD\\TODO\\f3il\\Application.php","line":77} []
[2019-03-15 10:40:01] f3il.INFO: App started [] []
[2019-03-15 10:40:04] f3il.INFO: App started [] []
[2019-03-15 10:40:06] f3il.INFO: App started [] []
[2019-03-15 10:40:27] f3il.INFO: App started [] []
[2019-03-15 10:40:32] f3il.INFO: App started [] []
[2019-03-15 10:40:49] f3il.INFO: App started [] []
[2019-03-15 10:40:54] f3il.INFO: App started [] []
[2019-03-15 10:40:55] f3il.INFO: App started [] []
[2019-03-15 10:41:06] f3il.INFO: App started [] []
[2019-03-15 10:41:20] f3il.INFO: App started [] []
[2019-03-15 10:41:21] f3il.INFO: App started [] []
[2019-03-15 10:41:27] f3il.INFO: App started [] []
[2019-03-15 10:41:29] f3il.INFO: App started [] []
[2019-03-15 10:41:30] f3il.INFO: App started [] []
[2019-03-15 10:41:35] f3il.INFO: App started [] []
[2019-03-15 10:41:42] f3il.INFO: App started [] []
[2019-03-15 10:41:44] f3il.INFO: App started [] []
[2019-03-15 10:41:46] f3il.INFO: App started [] []
[2019-03-15 10:41:46] f3il.INFO: App started [] []
[2019-03-15 10:44:31] f3il.INFO: App started [] []
[2019-03-15 10:45:39] f3il.INFO: App started [] []
[2019-03-15 10:45:41] f3il.INFO: App started [] []
[2019-03-15 10:45:42] f3il.INFO: App started [] []
[2019-03-15 10:49:22] f3il.INFO: App started [] []
[2019-03-15 10:52:18] f3il.INFO: App started [] []
[2019-03-15 11:52:12] f3il.INFO: App started [] []
[2019-03-15 11:52:15] f3il.INFO: App started [] []
[2019-03-15 11:53:30] f3il.INFO: App started [] []
[2019-03-15 11:53:31] f3il.INFO: App started [] []
[2019-03-15 11:53:32] f3il.INFO: App started [] []
[2019-03-15 11:53:33] f3il.INFO: App started [] []
[2019-03-15 11:53:35] f3il.INFO: App started [] []
[2019-03-15 11:53:35] f3il.INFO: App started [] []
[2019-03-15 11:53:38] f3il.INFO: App started [] []
[2019-03-15 11:53:38] f3il.INFO: App started [] []
[2019-03-15 11:56:22] f3il.INFO: App started [] []
[2019-03-15 11:56:23] f3il.INFO: App started [] []
[2019-03-15 11:56:45] f3il.INFO: App started [] []
[2019-03-15 11:56:59] f3il.INFO: App started [] []
[2019-03-15 11:57:17] f3il.INFO: App started [] []
[2019-03-15 11:57:21] f3il.INFO: App started [] []
[2019-03-15 11:59:28] f3il.INFO: App started [] []
[2019-03-15 11:59:29] f3il.INFO: App started [] []
[2019-03-15 11:59:33] f3il.INFO: App started [] []
[2019-03-15 12:01:44] f3il.INFO: App started [] []
[2019-03-15 12:01:45] f3il.INFO: App started [] []
[2019-03-15 12:01:46] f3il.INFO: App started [] []
[2019-03-15 12:01:59] f3il.INFO: App started [] []
[2019-03-15 12:02:28] f3il.INFO: App started [] []
[2019-03-15 12:02:42] f3il.INFO: App started [] []
[2019-03-15 12:02:50] f3il.INFO: App started [] []
[2019-03-15 12:02:55] f3il.INFO: App started [] []
[2019-03-15 12:03:10] f3il.INFO: App started [] []
[2019-03-15 12:03:21] f3il.INFO: App started [] []
[2019-03-15 12:03:39] f3il.INFO: App started [] []
[2019-03-15 12:04:03] f3il.INFO: App started [] []
[2019-03-15 12:04:10] f3il.INFO: App started [] []
[2019-03-15 12:04:22] f3il.INFO: App started [] []
[2019-03-15 12:04:30] f3il.INFO: App started [] []
[2019-03-15 12:04:31] f3il.INFO: App started [] []
[2019-03-15 12:04:36] f3il.INFO: App started [] []
[2019-03-15 12:05:00] f3il.INFO: App started [] []
[2019-03-15 12:05:12] f3il.INFO: App started [] []
[2019-03-15 12:05:30] f3il.INFO: App started [] []
[2019-03-15 12:05:36] f3il.INFO: App started [] []
[2019-03-15 12:05:43] f3il.INFO: App started [] []
[2019-03-15 12:05:48] f3il.INFO: App started [] []
[2019-03-15 12:06:00] f3il.INFO: App started [] []
[2019-03-15 12:06:23] f3il.INFO: App started [] []
[2019-03-15 12:19:09] f3il.INFO: App started [] []
[2019-03-15 12:19:10] f3il.INFO: App started [] []
[2019-03-15 12:19:40] f3il.INFO: App started [] []
[2019-03-15 12:27:24] f3il.INFO: App started [] []
[2019-03-15 12:27:36] f3il.INFO: App started [] []
[2019-03-15 12:36:30] f3il.INFO: App started [] []
[2019-03-15 12:42:30] f3il.INFO: App started [] []
[2019-03-15 12:58:21] f3il.INFO: App started [] []
[2019-03-15 12:58:23] f3il.INFO: App started [] []
[2019-03-15 12:58:25] f3il.INFO: App started [] []
[2019-03-15 12:59:11] f3il.INFO: App started [] []
[2019-03-15 12:59:47] f3il.INFO: App started [] []
[2019-03-15 13:01:23] f3il.INFO: App started [] []
[2019-03-15 13:01:24] f3il.INFO: App started [] []
[2019-03-15 13:01:38] f3il.INFO: App started [] []
[2019-03-15 13:01:40] f3il.INFO: App started [] []
[2019-03-15 13:10:13] f3il.INFO: App started [] []
[2019-03-15 13:11:02] f3il.INFO: App started [] []
[2019-03-15 13:11:10] f3il.INFO: App started [] []
[2019-03-15 13:11:12] f3il.INFO: App started [] []
[2019-03-15 13:11:13] f3il.INFO: App started [] []
[2019-03-15 13:11:14] f3il.INFO: App started [] []
[2019-03-15 13:11:15] f3il.INFO: App started [] []
[2019-03-15 13:11:59] f3il.INFO: App started [] []
[2019-03-15 13:13:08] f3il.INFO: App started [] []
[2019-03-15 13:13:15] f3il.INFO: App started [] []
[2019-03-15 13:16:11] f3il.INFO: App started [] []
[2019-03-15 13:17:59] f3il.INFO: App started [] []
[2019-03-15 13:18:13] f3il.INFO: App started [] []
[2019-03-15 13:18:21] f3il.INFO: App started [] []
[2019-03-15 13:18:22] f3il.INFO: App started [] []
[2019-03-15 13:20:03] f3il.INFO: App started [] []
[2019-03-15 13:20:55] f3il.INFO: App started [] []
[2019-03-15 13:20:58] f3il.INFO: App started [] []
[2019-03-15 13:21:18] f3il.INFO: App started [] []
[2019-03-15 13:21:42] f3il.INFO: App started [] []
[2019-03-15 13:22:16] f3il.INFO: App started [] []
[2019-03-15 13:22:19] f3il.INFO: App started [] []
[2019-03-15 13:22:31] f3il.INFO: App started [] []
[2019-03-15 13:22:38] f3il.INFO: App started [] []
[2019-03-15 13:22:38] f3il.INFO: App started [] []
[2019-03-15 13:22:40] f3il.INFO: App started [] []
[2019-03-15 13:22:52] f3il.INFO: App started [] []
[2019-03-15 13:22:52] f3il.INFO: App started [] []
[2019-03-15 13:23:03] f3il.INFO: App started [] []
[2019-03-15 13:23:11] f3il.INFO: App started [] []
[2019-03-15 13:23:21] f3il.INFO: App started [] []
[2019-03-15 13:23:33] f3il.INFO: App started [] []
[2019-03-15 13:23:36] f3il.INFO: App started [] []
[2019-03-15 13:23:48] f3il.INFO: App started [] []
[2019-03-15 13:23:54] f3il.INFO: App started [] []
[2019-03-15 13:24:04] f3il.INFO: App started [] []
[2019-03-15 13:24:05] f3il.INFO: App started [] []
[2019-03-15 13:24:06] f3il.INFO: App started [] []
[2019-03-15 13:24:12] f3il.INFO: App started [] []
[2019-03-15 13:24:14] f3il.INFO: App started [] []
[2019-03-15 13:24:14] f3il.INFO: App started [] []
[2019-03-15 13:25:24] f3il.INFO: App started [] []
[2019-03-15 13:25:31] f3il.INFO: App started [] []
[2019-03-15 13:25:35] f3il.INFO: App started [] []
[2019-03-15 13:25:36] f3il.INFO: App started [] []
[2019-03-15 13:25:39] f3il.INFO: App started [] []
[2019-03-15 13:26:10] f3il.INFO: App started [] []
[2019-03-15 13:26:11] f3il.INFO: App started [] []
[2019-03-15 13:26:12] f3il.INFO: App started [] []
[2019-03-15 13:26:13] f3il.INFO: App started [] []
[2019-03-15 13:26:14] f3il.INFO: App started [] []
[2019-03-15 13:26:15] f3il.INFO: App started [] []
[2019-03-15 13:26:16] f3il.INFO: App started [] []
[2019-03-15 13:26:31] f3il.INFO: App started [] []
[2019-03-15 13:26:32] f3il.INFO: App started [] []
[2019-03-15 13:26:33] f3il.INFO: App started [] []
[2019-03-15 13:26:33] f3il.INFO: App started [] []
[2019-03-15 13:26:34] f3il.INFO: App started [] []
[2019-03-15 13:26:35] f3il.INFO: App started [] []
[2019-03-15 13:28:14] f3il.INFO: App started [] []
[2019-03-15 13:28:15] f3il.INFO: App started [] []
[2019-03-15 13:28:16] f3il.INFO: App started [] []
[2019-03-15 13:28:17] f3il.INFO: App started [] []
[2019-03-15 13:28:18] f3il.INFO: App started [] []
[2019-03-15 13:28:20] f3il.INFO: App started [] []
[2019-03-15 13:37:08] f3il.INFO: App started [] []
[2019-03-15 13:37:09] f3il.INFO: App started [] []
[2019-03-15 13:37:10] f3il.INFO: App started [] []
[2019-03-15 13:37:11] f3il.INFO: App started [] []
[2019-03-15 13:37:12] f3il.INFO: App started [] []
[2019-03-15 13:37:19] f3il.INFO: App started [] []
[2019-03-15 13:42:01] f3il.INFO: App started [] []
[2019-03-15 13:42:13] f3il.INFO: App started [] []
[2019-03-15 13:48:43] f3il.INFO: App started [] []
[2019-03-15 13:48:45] f3il.INFO: App started [] []
[2019-03-15 13:48:47] f3il.INFO: App started [] []
[2019-03-15 13:49:38] f3il.INFO: App started [] []
[2019-03-15 13:49:42] f3il.INFO: App started [] []
[2019-03-15 13:49:42] f3il.ERROR: Application : contrôleur introuvable app\Controllers\materielController {"file":"D:\\tonyb\\Desktop\\Logiciels\\Cours_Formations\\Serveurs\\Laragon\\www\\Bachelor\\TD\\TODO\\f3il\\Application.php","line":78} []
[2019-03-15 13:49:48] f3il.INFO: App started [] []
[2019-03-15 13:49:50] f3il.INFO: App started [] []
[2019-03-15 13:49:51] f3il.INFO: App started [] []
[2019-03-15 13:50:17] f3il.INFO: App started [] []
[2019-03-15 13:50:20] f3il.INFO: App started [] []
[2019-03-15 13:50:21] f3il.INFO: App started [] []
[2019-03-15 13:50:23] f3il.INFO: App started [] []
[2019-03-15 13:52:12] f3il.INFO: App started [] []
[2019-03-15 13:52:13] f3il.INFO: App started [] []
[2019-03-15 13:52:15] f3il.INFO: App started [] []
[2019-03-15 13:52:17] f3il.INFO: App started [] []
[2019-03-15 13:52:22] f3il.INFO: App started [] []
[2019-03-15 13:53:11] f3il.INFO: App started [] []
[2019-03-15 13:53:23] f3il.INFO: App started [] []
[2019-03-15 13:53:25] f3il.INFO: App started [] []
[2019-03-15 13:53:51] f3il.INFO: App started [] []
[2019-03-15 13:54:58] f3il.INFO: App started [] []
[2019-03-15 13:55:27] f3il.INFO: App started [] []
[2019-03-15 13:55:28] f3il.INFO: App started [] []
[2019-03-15 13:55:29] f3il.INFO: App started [] []
[2019-03-15 13:55:29] f3il.ERROR: Erreur SQL SQLSTATE[HY093]: Invalid parameter number: parameter was not defined {"file":"D:\\tonyb\\Desktop\\Logiciels\\Cours_Formations\\Serveurs\\Laragon\\www\\Bachelor\\TD\\TODO\\application\\models\\MaterielsModel.php","line":115} []
[2019-03-15 13:56:11] f3il.INFO: App started [] []
[2019-03-15 13:56:11] f3il.ERROR: Erreur SQL SQLSTATE[HY093]: Invalid parameter number: parameter was not defined {"file":"D:\\tonyb\\Desktop\\Logiciels\\Cours_Formations\\Serveurs\\Laragon\\www\\Bachelor\\TD\\TODO\\application\\models\\MaterielsModel.php","line":115} []
[2019-03-15 13:57:41] f3il.INFO: App started [] []
[2019-03-15 13:57:43] f3il.INFO: App started [] []
[2019-03-15 13:57:46] f3il.INFO: App started [] []
[2019-03-15 13:57:46] f3il.ERROR: Erreur SQL SQLSTATE[HY093]: Invalid parameter number: parameter was not defined {"file":"D:\\tonyb\\Desktop\\Logiciels\\Cours_Formations\\Serveurs\\Laragon\\www\\Bachelor\\TD\\TODO\\application\\models\\MaterielsModel.php","line":115} []
[2019-03-15 14:00:09] f3il.INFO: App started [] []
[2019-03-15 14:00:11] f3il.INFO: App started [] []
[2019-03-15 14:00:15] f3il.INFO: App started [] []
[2019-03-15 14:00:15] f3il.ERROR: Erreur SQL SQLSTATE[HY093]: Invalid parameter number: parameter was not defined {"file":"D:\\tonyb\\Desktop\\Logiciels\\Cours_Formations\\Serveurs\\Laragon\\www\\Bachelor\\TD\\TODO\\application\\models\\MaterielsModel.php","line":115} []
[2019-03-15 14:00:15] f3il.INFO: App started [] []
[2019-03-15 14:01:46] f3il.INFO: App started [] []
[2019-03-15 14:29:57] f3il.INFO: App started [] []
[2019-03-15 14:29:58] f3il.INFO: App started [] []
[2019-03-15 14:29:59] f3il.INFO: App started [] []
[2019-03-15 14:30:00] f3il.INFO: App started [] []
[2019-03-15 14:30:05] f3il.INFO: App started [] []
[2019-03-15 14:30:14] f3il.INFO: App started [] []
[2019-03-15 14:30:14] f3il.ERROR: Erreur SQL SQLSTATE[HY093]: Invalid parameter number: parameter was not defined {"file":"D:\\tonyb\\Desktop\\Logiciels\\Cours_Formations\\Serveurs\\Laragon\\www\\Bachelor\\TD\\TODO\\application\\models\\MaterielsModel.php","line":115} []
[2019-03-15 14:30:14] f3il.INFO: App started [] []
[2019-03-15 14:30:54] f3il.INFO: App started [] []
[2019-03-15 14:30:55] f3il.INFO: App started [] []
[2019-03-15 14:30:57] f3il.INFO: App started [] []
[2019-03-15 14:30:58] f3il.INFO: App started [] []
[2019-03-15 14:31:00] f3il.INFO: App started [] []
[2019-03-15 14:31:02] f3il.INFO: App started [] []
[2019-03-15 14:31:02] f3il.ERROR: Erreur SQL SQLSTATE[HY093]: Invalid parameter number: parameter was not defined {"file":"D:\\tonyb\\Desktop\\Logiciels\\Cours_Formations\\Serveurs\\Laragon\\www\\Bachelor\\TD\\TODO\\application\\models\\MaterielsModel.php","line":115} []
[2019-03-15 14:31:02] f3il.INFO: App started [] []
[2019-03-15 14:31:04] f3il.INFO: App started [] []
[2019-03-15 14:31:09] f3il.INFO: App started [] []
[2019-03-15 14:31:10] f3il.ERROR: Erreur SQL SQLSTATE[HY093]: Invalid parameter number: parameter was not defined {"file":"D:\\tonyb\\Desktop\\Logiciels\\Cours_Formations\\Serveurs\\Laragon\\www\\Bachelor\\TD\\TODO\\application\\models\\MaterielsModel.php","line":115} []
[2019-03-15 14:31:10] f3il.INFO: App started [] []
[2019-03-15 14:31:13] f3il.INFO: App started [] []
[2019-03-15 14:31:29] f3il.INFO: App started [] []
[2019-03-15 14:31:29] f3il.ERROR: Erreur SQL SQLSTATE[HY093]: Invalid parameter number: parameter was not defined {"file":"D:\\tonyb\\Desktop\\Logiciels\\Cours_Formations\\Serveurs\\Laragon\\www\\Bachelor\\TD\\TODO\\application\\models\\MaterielsModel.php","line":115} []
[2019-03-15 14:31:29] f3il.INFO: App started [] []
[2019-03-15 14:31:30] f3il.INFO: App started [] []
[2019-03-15 14:31:31] f3il.INFO: App started [] []
[2019-03-15 14:31:33] f3il.INFO: App started [] []
[2019-03-15 14:31:38] f3il.INFO: App started [] []
[2019-03-15 14:31:38] f3il.ERROR: Erreur SQL SQLSTATE[HY093]: Invalid parameter number: parameter was not defined {"file":"D:\\tonyb\\Desktop\\Logiciels\\Cours_Formations\\Serveurs\\Laragon\\www\\Bachelor\\TD\\TODO\\application\\models\\MaterielsModel.php","line":115} []
[2019-03-15 14:31:38] f3il.INFO: App started [] []
[2019-03-15 14:32:36] f3il.INFO: App started [] []
[2019-03-15 14:32:36] f3il.INFO: App started [] []
[2019-03-15 14:32:38] f3il.INFO: App started [] []
[2019-03-15 14:32:39] f3il.INFO: App started [] []
[2019-03-15 14:32:40] f3il.INFO: App started [] []
[2019-03-15 14:32:47] f3il.INFO: App started [] []
[2019-03-15 14:32:49] f3il.INFO: App started [] []
[2019-03-15 14:32:50] f3il.INFO: App started [] []
[2019-03-15 14:32:58] f3il.INFO: App started [] []
[2019-03-15 14:33:03] f3il.INFO: App started [] []
[2019-03-15 14:33:24] f3il.INFO: App started [] []
[2019-03-15 14:33:25] f3il.INFO: App started [] []
[2019-03-15 14:33:40] f3il.INFO: App started [] []
[2019-03-15 14:33:40] f3il.ERROR: Erreur SQL SQLSTATE[HY093]: Invalid parameter number: parameter was not defined {"file":"D:\\tonyb\\Desktop\\Logiciels\\Cours_Formations\\Serveurs\\Laragon\\www\\Bachelor\\TD\\TODO\\application\\models\\MaterielsModel.php","line":115} []
[2019-03-15 14:33:40] f3il.INFO: App started [] []
[2019-03-15 14:34:25] f3il.INFO: App started [] []
[2019-03-15 14:34:26] f3il.INFO: App started [] []
[2019-03-15 14:34:27] f3il.INFO: App started [] []
[2019-03-15 14:34:28] f3il.INFO: App started [] []
[2019-03-15 14:34:32] f3il.INFO: App started [] []
[2019-03-15 14:34:32] f3il.ERROR: Erreur SQL SQLSTATE[HY093]: Invalid parameter number: parameter was not defined {"file":"D:\\tonyb\\Desktop\\Logiciels\\Cours_Formations\\Serveurs\\Laragon\\www\\Bachelor\\TD\\TODO\\application\\models\\MaterielsModel.php","line":115} []
[2019-03-15 14:34:32] f3il.INFO: App started [] []
[2019-03-15 14:35:12] f3il.INFO: App started [] []
[2019-03-15 14:36:42] f3il.INFO: App started [] []
[2019-03-15 14:38:56] f3il.INFO: App started [] []
[2019-03-15 14:38:56] f3il.INFO: App started [] []
[2019-03-15 14:38:57] f3il.INFO: App started [] []
[2019-03-15 14:38:58] f3il.INFO: App started [] []
[2019-03-15 14:38:59] f3il.INFO: App started [] []
[2019-03-15 14:39:00] f3il.INFO: App started [] []
[2019-03-15 14:39:00] f3il.ERROR: Erreur SQL SQLSTATE[HY093]: Invalid parameter number: parameter was not defined {"file":"D:\\tonyb\\Desktop\\Logiciels\\Cours_Formations\\Serveurs\\Laragon\\www\\Bachelor\\TD\\TODO\\application\\models\\MaterielsModel.php","line":115} []
[2019-03-15 14:39:00] f3il.INFO: App started [] []
[2019-03-15 14:44:43] f3il.INFO: App started [] []
[2019-03-15 14:44:43] f3il.INFO: App started [] []
[2019-03-15 14:44:44] f3il.INFO: App started [] []
[2019-03-15 14:44:49] f3il.INFO: App started [] []
[2019-03-15 14:44:50] f3il.INFO: App started [] []
[2019-03-15 14:44:54] f3il.INFO: App started [] []
[2019-03-15 14:44:54] f3il.ERROR: Erreur SQL SQLSTATE[HY093]: Invalid parameter number: parameter was not defined {"file":"D:\\tonyb\\Desktop\\Logiciels\\Cours_Formations\\Serveurs\\Laragon\\www\\Bachelor\\TD\\TODO\\application\\models\\MaterielsModel.php","line":115} []
[2019-03-15 14:44:54] f3il.INFO: App started [] []
[2019-03-15 14:47:00] f3il.INFO: App started [] []
[2019-03-15 14:47:20] f3il.INFO: App started [] []
[2019-03-15 14:47:23] f3il.INFO: App started [] []
[2019-03-15 14:47:56] f3il.INFO: App started [] []
[2019-03-15 14:47:58] f3il.INFO: App started [] []
[2019-03-15 14:47:58] f3il.INFO: App started [] []
[2019-03-15 14:48:08] f3il.INFO: App started [] []
[2019-03-15 14:48:14] f3il.INFO: App started [] []
[2019-03-15 14:48:15] f3il.INFO: App started [] []
[2019-03-15 14:48:30] f3il.INFO: App started [] []
[2019-03-15 14:48:31] f3il.INFO: App started [] []
[2019-03-15 14:48:32] f3il.INFO: App started [] []
[2019-03-15 14:48:36] f3il.INFO: App started [] []
[2019-03-15 14:48:36] f3il.ERROR: Erreur SQL SQLSTATE[HY093]: Invalid parameter number: parameter was not defined {"file":"D:\\tonyb\\Desktop\\Logiciels\\Cours_Formations\\Serveurs\\Laragon\\www\\Bachelor\\TD\\TODO\\application\\models\\MaterielsModel.php","line":115} []
[2019-03-15 14:48:36] f3il.INFO: App started [] []
[2019-03-15 14:48:53] f3il.INFO: App started [] []
[2019-03-15 14:48:55] f3il.INFO: App started [] []
[2019-03-15 14:48:57] f3il.INFO: App started [] []
[2019-03-15 14:49:32] f3il.INFO: App started [] []
[2019-03-15 14:49:39] f3il.INFO: App started [] []
[2019-03-15 14:49:41] f3il.INFO: App started [] []
[2019-03-15 14:49:47] f3il.INFO: App started [] []
[2019-03-15 14:49:47] f3il.ERROR: Erreur SQL SQLSTATE[HY093]: Invalid parameter number: parameter was not defined {"file":"D:\\tonyb\\Desktop\\Logiciels\\Cours_Formations\\Serveurs\\Laragon\\www\\Bachelor\\TD\\TODO\\application\\models\\MaterielsModel.php","line":115} []
[2019-03-15 14:49:47] f3il.INFO: App started [] []
[2019-03-15 14:50:15] f3il.INFO: App started [] []
[2019-03-15 14:50:16] f3il.INFO: App started [] []
[2019-03-15 14:50:23] f3il.INFO: App started [] []
[2019-03-15 14:50:23] f3il.ERROR: Erreur SQL SQLSTATE[HY093]: Invalid parameter number: parameter was not defined {"file":"D:\\tonyb\\Desktop\\Logiciels\\Cours_Formations\\Serveurs\\Laragon\\www\\Bachelor\\TD\\TODO\\application\\models\\MaterielsModel.php","line":115} []
[2019-03-15 14:50:23] f3il.INFO: App started [] []
[2019-03-15 14:53:16] f3il.INFO: App started [] []
[2019-03-15 14:53:18] f3il.INFO: App started [] []
[2019-03-15 14:53:29] f3il.INFO: App started [] []
[2019-03-15 14:53:29] f3il.ERROR: Erreur SQL SQLSTATE[HY093]: Invalid parameter number: parameter was not defined {"file":"D:\\tonyb\\Desktop\\Logiciels\\Cours_Formations\\Serveurs\\Laragon\\www\\Bachelor\\TD\\TODO\\application\\models\\MaterielsModel.php","line":115} []
[2019-03-15 14:53:29] f3il.INFO: App started [] []
[2019-03-15 14:55:59] f3il.INFO: App started [] []
[2019-03-15 14:56:00] f3il.INFO: App started [] []
[2019-03-15 14:56:06] f3il.INFO: App started [] []
[2019-03-15 14:56:06] f3il.ERROR: Erreur SQL SQLSTATE[HY093]: Invalid parameter number: parameter was not defined {"file":"D:\\tonyb\\Desktop\\Logiciels\\Cours_Formations\\Serveurs\\Laragon\\www\\Bachelor\\TD\\TODO\\application\\models\\MaterielsModel.php","line":115} []
[2019-03-15 14:56:06] f3il.INFO: App started [] []
[2019-03-15 14:56:10] f3il.INFO: App started [] []
[2019-03-15 14:56:12] f3il.INFO: App started [] []
[2019-03-15 14:56:17] f3il.INFO: App started [] []
[2019-03-15 14:56:17] f3il.ERROR: Erreur SQL SQLSTATE[HY093]: Invalid parameter number: parameter was not defined {"file":"D:\\tonyb\\Desktop\\Logiciels\\Cours_Formations\\Serveurs\\Laragon\\www\\Bachelor\\TD\\TODO\\application\\models\\MaterielsModel.php","line":115} []
[2019-03-15 14:56:17] f3il.INFO: App started [] []
[2019-03-15 14:56:31] f3il.INFO: App started [] []
[2019-03-15 14:56:32] f3il.INFO: App started [] []
[2019-03-15 14:56:33] f3il.INFO: App started [] []
[2019-03-15 14:56:35] f3il.INFO: App started [] []
[2019-03-15 14:56:37] f3il.INFO: App started [] []
[2019-03-15 14:56:40] f3il.INFO: App started [] []
[2019-03-15 14:56:51] f3il.INFO: App started [] []
[2019-03-15 14:56:54] f3il.INFO: App started [] []
[2019-03-15 14:57:02] f3il.INFO: App started [] []
[2019-03-15 14:57:02] f3il.ERROR: Erreur SQL SQLSTATE[HY093]: Invalid parameter number: parameter was not defined {"file":"D:\\tonyb\\Desktop\\Logiciels\\Cours_Formations\\Serveurs\\Laragon\\www\\Bachelor\\TD\\TODO\\application\\models\\MaterielsModel.php","line":115} []
[2019-03-15 14:57:02] f3il.INFO: App started [] []
[2019-03-15 14:57:21] f3il.INFO: App started [] []
[2019-03-15 14:57:41] f3il.INFO: App started [] []
[2019-03-15 14:57:42] f3il.INFO: App started [] []
[2019-03-15 14:57:47] f3il.INFO: App started [] []
[2019-03-15 14:57:47] f3il.ERROR: Erreur SQL SQLSTATE[HY093]: Invalid parameter number: parameter was not defined {"file":"D:\\tonyb\\Desktop\\Logiciels\\Cours_Formations\\Serveurs\\Laragon\\www\\Bachelor\\TD\\TODO\\application\\models\\MaterielsModel.php","line":115} []
[2019-03-15 14:57:47] f3il.INFO: App started [] []
[2019-03-15 14:58:17] f3il.INFO: App started [] []
[2019-03-15 14:58:20] f3il.INFO: App started [] []
[2019-03-15 14:58:23] f3il.INFO: App started [] []
[2019-03-15 14:58:23] f3il.ERROR: Erreur SQL SQLSTATE[HY093]: Invalid parameter number: parameter was not defined {"file":"D:\\tonyb\\Desktop\\Logiciels\\Cours_Formations\\Serveurs\\Laragon\\www\\Bachelor\\TD\\TODO\\application\\models\\MaterielsModel.php","line":115} []
[2019-03-15 14:58:23] f3il.INFO: App started [] []
[2019-03-15 15:00:27] f3il.INFO: App started [] []
[2019-03-15 15:00:33] f3il.INFO: App started [] []
[2019-03-15 15:00:50] f3il.INFO: App started [] []
[2019-03-15 15:01:02] f3il.INFO: App started [] []
[2019-03-15 15:01:02] f3il.ERROR: Erreur SQL SQLSTATE[HY093]: Invalid parameter number: parameter was not defined {"file":"D:\\tonyb\\Desktop\\Logiciels\\Cours_Formations\\Serveurs\\Laragon\\www\\Bachelor\\TD\\TODO\\application\\models\\MaterielsModel.php","line":115} []
[2019-03-15 15:01:02] f3il.INFO: App started [] []
[2019-03-15 15:01:53] f3il.INFO: App started [] []
[2019-03-15 15:01:55] f3il.INFO: App started [] []
[2019-03-15 15:02:12] f3il.INFO: App started [] []
[2019-03-15 15:02:12] f3il.INFO: App started [] []
[2019-03-15 15:02:20] f3il.INFO: App started [] []
[2019-03-15 15:02:26] f3il.INFO: App started [] []
[2019-03-15 15:02:26] f3il.INFO: App started [] []
[2019-03-15 15:02:28] f3il.INFO: App started [] []
[2019-03-15 15:02:34] f3il.INFO: App started [] []
[2019-03-15 15:02:34] f3il.INFO: App started [] []
[2019-03-15 15:02:36] f3il.INFO: App started [] []
[2019-03-15 15:05:21] f3il.INFO: App started [] []
[2019-03-15 15:05:31] f3il.INFO: App started [] []
[2019-03-15 15:06:26] f3il.INFO: App started [] []
[2019-03-15 15:06:27] f3il.INFO: App started [] []
[2019-03-15 15:06:30] f3il.INFO: App started [] []
[2019-03-15 15:06:39] f3il.INFO: App started [] []
[2019-03-15 15:06:39] f3il.INFO: App started [] []
[2019-03-15 15:06:48] f3il.INFO: App started [] []
[2019-03-15 15:09:20] f3il.INFO: App started [] []
[2019-03-15 15:09:22] f3il.INFO: App started [] []
[2019-03-15 15:09:24] f3il.INFO: App started [] []
[2019-03-15 15:11:04] f3il.INFO: App started [] []
[2019-03-15 15:11:17] f3il.INFO: App started [] []
[2019-03-15 15:11:43] f3il.INFO: App started [] []
[2019-03-15 15:11:43] f3il.INFO: App started [] []
[2019-03-15 15:11:53] f3il.INFO: App started [] []
[2019-03-15 15:12:14] f3il.INFO: App started [] []
[2019-03-15 15:12:50] f3il.INFO: App started [] []
[2019-03-15 15:14:32] f3il.INFO: App started [] []
[2019-03-15 15:14:47] f3il.INFO: App started [] []
[2019-03-15 15:14:54] f3il.INFO: App started [] []
[2019-03-15 15:16:49] f3il.INFO: App started [] []
[2019-03-15 15:16:52] f3il.INFO: App started [] []
[2019-03-15 15:16:57] f3il.INFO: App started [] []
[2019-03-15 15:17:01] f3il.INFO: App started [] []
[2019-03-15 15:17:02] f3il.INFO: App started [] []
[2019-03-15 15:17:05] f3il.INFO: App started [] []
[2019-03-15 15:17:09] f3il.INFO: App started [] []
[2019-03-15 15:17:09] f3il.INFO: App started [] []
[2019-03-15 15:22:35] f3il.INFO: App started [] []
[2019-03-15 15:26:23] f3il.INFO: App started [] []
[2019-03-15 15:26:31] f3il.INFO: App started [] []
[2019-03-15 15:26:36] f3il.INFO: App started [] []
[2019-03-15 15:26:38] f3il.INFO: App started [] []
[2019-03-15 15:26:41] f3il.INFO: App started [] []
[2019-03-15 15:29:31] f3il.INFO: App started [] []
[2019-03-15 15:29:32] f3il.INFO: App started [] []
[2019-03-15 15:29:34] f3il.INFO: App started [] []
[2019-03-15 15:29:36] f3il.INFO: App started [] []
[2019-03-15 15:29:37] f3il.INFO: App started [] []
[2019-03-15 15:34:36] f3il.INFO: App started [] []
[2019-03-15 15:34:38] f3il.INFO: App started [] []
[2019-03-15 15:34:39] f3il.INFO: App started [] []
[2019-03-15 15:34:41] f3il.INFO: App started [] []
[2019-03-15 15:34:48] f3il.INFO: App started [] []
[2019-03-15 15:34:49] f3il.INFO: App started [] []
[2019-03-15 15:34:50] f3il.INFO: App started [] []
[2019-03-15 15:34:56] f3il.INFO: App started [] []
[2019-03-15 15:34:57] f3il.INFO: App started [] []
[2019-03-15 15:34:58] f3il.INFO: App started [] []
[2019-03-15 15:36:06] f3il.INFO: App started [] []
[2019-03-15 15:36:07] f3il.INFO: App started [] []
[2019-03-15 15:36:08] f3il.INFO: App started [] []
[2019-03-15 15:36:09] f3il.INFO: App started [] []
[2019-03-15 15:36:12] f3il.INFO: App started [] []
[2019-03-15 15:36:14] f3il.INFO: App started [] []
[2019-03-15 15:36:16] f3il.INFO: App started [] []
[2019-03-15 15:37:42] f3il.INFO: App started [] []
[2019-03-15 15:38:00] f3il.INFO: App started [] []
[2019-03-15 15:38:01] f3il.INFO: App started [] []
[2019-03-15 15:38:02] f3il.INFO: App started [] []
[2019-03-15 15:38:04] f3il.INFO: App started [] []
[2019-03-15 15:38:27] f3il.INFO: App started [] []
[2019-03-15 15:38:29] f3il.INFO: App started [] []
[2019-03-15 15:39:11] f3il.INFO: App started [] []
[2019-03-15 15:41:17] f3il.INFO: App started [] []
[2019-03-15 15:41:21] f3il.INFO: App started [] []
[2019-03-17 06:54:07] f3il.INFO: App started [] []
[2019-03-17 06:54:09] f3il.INFO: App started [] []
[2019-03-17 06:54:13] f3il.INFO: App started [] []
[2019-03-17 06:54:13] f3il.INFO: App started [] []
[2019-03-17 06:57:55] f3il.INFO: App started [] []
[2019-03-17 06:57:55] f3il.INFO: App started [] []
[2019-03-17 06:58:09] f3il.INFO: App started [] []
[2019-03-17 06:58:09] f3il.INFO: App started [] []
[2019-03-17 07:54:24] f3il.INFO: App started [] []
[2019-03-17 07:55:11] f3il.INFO: App started [] []
[2019-03-17 07:55:12] f3il.INFO: App started [] []
[2019-03-17 07:55:12] f3il.INFO: App started [] []
[2019-03-17 07:55:13] f3il.INFO: App started [] []
[2019-03-17 07:55:14] f3il.INFO: App started [] []
[2019-03-18 19:27:06] f3il.INFO: App started [] []
[2019-03-18 19:27:11] f3il.INFO: App started [] []
[2019-03-18 19:27:14] f3il.INFO: App started [] []
[2019-03-30 00:44:41] f3il.INFO: App started [] []
[2019-03-30 00:44:43] f3il.INFO: App started [] []
[2019-03-30 00:44:48] f3il.INFO: App started [] []
[2019-03-30 00:44:48] f3il.INFO: App started [] []
[2019-03-30 00:44:55] f3il.INFO: App started [] []
[2019-03-30 00:48:45] f3il.INFO: App started [] []
[2019-03-30 00:48:49] f3il.INFO: App started [] []
[2019-03-30 00:48:49] f3il.INFO: App started [] []
[2019-03-30 00:50:33] f3il.INFO: App started [] []
[2019-03-30 00:50:36] f3il.INFO: App started [] []
[2019-03-30 00:50:38] f3il.INFO: App started [] []
[2019-03-30 00:50:40] f3il.INFO: App started [] []
[2019-03-30 00:50:46] f3il.INFO: App started [] []
[2019-03-30 00:50:46] f3il.INFO: App started [] []
[2019-03-30 00:50:48] f3il.INFO: App started [] []
[2019-03-30 00:50:50] f3il.INFO: App started [] []
[2019-03-30 00:50:50] f3il.ERROR: Application : contrôleur introuvable app\Controllers\materielController {"file":"D:\\tonyb\\Desktop\\Logiciels\\Cours_Formations\\Serveurs\\Laragon\\www\\Bachelor\\TD\\Exercice 2\\TODO\\f3il\\Application.php","line":79} []
[2019-03-30 00:50:50] f3il.INFO: App started [] []
[2019-03-30 00:50:52] f3il.INFO: App started [] []
[2019-03-30 00:50:54] f3il.INFO: App started [] []
[2019-03-30 00:50:54] f3il.ERROR: Application : contrôleur introuvable app\Controllers\materielController {"file":"D:\\tonyb\\Desktop\\Logiciels\\Cours_Formations\\Serveurs\\Laragon\\www\\Bachelor\\TD\\Exercice 2\\TODO\\f3il\\Application.php","line":79} []
[2019-03-30 00:50:54] f3il.INFO: App started [] []
[2019-03-30 00:50:55] f3il.INFO: App started [] []
[2019-03-30 00:52:14] f3il.INFO: App started [] []
[2019-03-30 00:52:20] f3il.INFO: App started [] []
[2019-03-30 00:52:32] f3il.INFO: App started [] []
[2019-03-30 00:52:33] f3il.INFO: App started [] []
[2019-03-30 00:52:35] f3il.INFO: App started [] []
[2019-03-30 00:52:38] f3il.INFO: App started [] []
[2019-03-30 00:52:38] f3il.ERROR: Application : contrôleur introuvable app\Controllers\materielController {"file":"D:\\tonyb\\Desktop\\Logiciels\\Cours_Formations\\Serveurs\\Laragon\\www\\Bachelor\\TD\\Exercice 2\\8 - Messenger\\f3il\\Application.php","line":79} []
[2019-03-30 00:52:38] f3il.INFO: App started [] []
[2019-03-30 00:52:39] f3il.INFO: App started [] []
[2019-03-30 00:53:13] f3il.INFO: App started [] []
[2019-03-30 00:53:19] f3il.INFO: App started [] []
[2019-03-30 00:53:19] f3il.ERROR: Application : contrôleur introuvable app\Controllers\materielController {"file":"D:\\tonyb\\Desktop\\Logiciels\\Cours_Formations\\Serveurs\\Laragon\\www\\Bachelor\\TD\\Exercice 2\\8 - Messenger\\f3il\\Application.php","line":79} []
[2019-03-30 00:53:19] f3il.INFO: App started [] []
[2019-03-30 00:53:20] f3il.INFO: App started [] []
[2019-03-30 00:53:21] f3il.INFO: App started [] []
[2019-03-30 00:53:25] f3il.INFO: App started [] []
[2019-03-30 00:54:07] f3il.INFO: App started [] []
[2019-03-30 00:54:07] f3il.ERROR: Application : contrôleur introuvable app\Controllers\materielController {"file":"D:\\tonyb\\Desktop\\Logiciels\\Cours_Formations\\Serveurs\\Laragon\\www\\Bachelor\\TD\\Exercice 2\\8 - Messenger\\f3il\\Application.php","line":79} []
[2019-03-30 00:54:07] f3il.INFO: App started [] []
[2019-03-30 00:55:44] f3il.INFO: App started [] []
[2019-03-30 00:55:47] f3il.INFO: App started [] []
[2019-03-30 00:56:23] f3il.INFO: App started [] []
[2019-03-30 00:56:24] f3il.INFO: App started [] []
[2019-03-30 00:56:25] f3il.INFO: App started [] []
[2019-03-30 00:56:25] f3il.ERROR: Application : contrôleur introuvable app\Controllers\materielController {"file":"D:\\tonyb\\Desktop\\Logiciels\\Cours_Formations\\Serveurs\\Laragon\\www\\Bachelor\\TD\\Exercice 2\\8 - Messenger\\f3il\\Application.php","line":79} []
[2019-03-30 00:56:25] f3il.INFO: App started [] []
[2019-03-30 00:57:01] f3il.INFO: App started [] []
[2019-03-30 00:57:03] f3il.INFO: App started [] []
[2019-03-30 00:57:05] f3il.INFO: App started [] []
[2019-03-30 00:57:06] f3il.INFO: App started [] []
[2019-03-30 00:57:07] f3il.INFO: App started [] []
[2019-03-30 00:57:08] f3il.INFO: App started [] []
[2019-03-30 00:57:09] f3il.INFO: App started [] []
[2019-03-30 00:57:09] f3il.ERROR: Application : contrôleur introuvable app\Controllers\materielController {"file":"D:\\tonyb\\Desktop\\Logiciels\\Cours_Formations\\Serveurs\\Laragon\\www\\Bachelor\\TD\\Exercice 2\\8 - Messenger\\f3il\\Application.php","line":79} []
[2019-03-30 00:57:09] f3il.INFO: App started [] []
[2019-03-30 00:57:10] f3il.INFO: App started [] []
[2019-03-30 00:57:12] f3il.INFO: App started [] []
[2019-03-30 00:57:16] f3il.INFO: App started [] []
[2019-03-30 00:57:20] f3il.INFO: App started [] []
[2019-03-30 00:57:21] f3il.INFO: App started [] []
[2019-03-30 00:57:24] f3il.INFO: App started [] []
[2019-03-30 00:57:27] f3il.INFO: App started [] []
[2019-03-30 00:57:28] f3il.INFO: App started [] []
[2019-03-30 00:57:29] f3il.INFO: App started [] []
[2019-03-30 00:57:30] f3il.INFO: App started [] []
[2019-03-30 00:57:30] f3il.INFO: App started [] []
[2019-03-30 00:57:31] f3il.INFO: App started [] []
[2019-03-30 00:57:33] f3il.INFO: App started [] []
[2019-03-30 00:57:33] f3il.INFO: App started [] []
[2019-03-30 00:57:40] f3il.INFO: App started [] []
[2019-03-30 00:58:38] f3il.INFO: App started [] []
[2019-03-30 00:59:00] f3il.INFO: App started [] []
[2019-03-30 00:59:01] f3il.INFO: App started [] []
[2019-03-30 00:59:02] f3il.INFO: App started [] []
[2019-03-30 00:59:03] f3il.INFO: App started [] []
[2019-03-30 00:59:05] f3il.INFO: App started [] []
[2019-03-30 00:59:06] f3il.INFO: App started [] []
[2019-03-30 00:59:10] f3il.INFO: App started [] []
[2019-03-30 01:04:13] f3il.INFO: App started [] []
[2019-03-30 01:04:13] f3il.INFO: App started [] []
[2019-03-30 01:04:15] f3il.INFO: App started [] []
[2019-03-30 01:04:16] f3il.INFO: App started [] []
[2019-03-30 01:04:18] f3il.INFO: App started [] []
[2019-03-30 01:04:37] f3il.INFO: App started [] []
[2019-03-30 01:04:38] f3il.INFO: App started [] []
[2019-03-30 01:04:41] f3il.INFO: App started [] []
[2019-03-30 01:04:42] f3il.INFO: App started [] []
[2019-03-30 01:04:44] f3il.INFO: App started [] []
[2019-03-30 01:05:02] f3il.INFO: App started [] []
[2019-03-30 01:05:03] f3il.INFO: App started [] []
[2019-03-30 01:05:20] f3il.INFO: App started [] []
[2019-03-30 01:05:20] f3il.INFO: App started [] []
[2019-03-30 01:05:21] f3il.INFO: App started [] []
[2019-03-30 01:05:23] f3il.INFO: App started [] []
[2019-03-30 01:05:28] f3il.INFO: App started [] []
[2019-03-30 01:05:29] f3il.INFO: App started [] []
[2019-03-30 01:05:45] f3il.INFO: App started [] []
[2019-03-30 01:06:16] f3il.INFO: App started [] []
[2019-03-30 01:06:26] f3il.INFO: App started [] []
[2019-03-30 01:08:01] f3il.INFO: App started [] []
[2019-03-30 01:08:02] f3il.INFO: App started [] []
[2019-03-30 01:08:28] f3il.INFO: App started [] []
[2019-03-30 01:08:29] f3il.INFO: App started [] []
[2019-03-30 01:08:30] f3il.INFO: App started [] []
[2019-03-30 01:08:31] f3il.INFO: App started [] []
[2019-03-30 01:08:31] f3il.INFO: App started [] []
[2019-03-30 01:08:32] f3il.INFO: App started [] []
[2019-03-30 01:08:32] f3il.INFO: App started [] []
[2019-03-30 01:08:34] f3il.INFO: App started [] []
[2019-03-30 01:08:34] f3il.INFO: App started [] []
[2019-03-30 01:08:38] f3il.INFO: App started [] []
[2019-03-30 01:08:38] f3il.INFO: App started [] []
[2019-03-30 01:09:12] f3il.INFO: App started [] []
[2019-03-30 01:09:12] f3il.INFO: App started [] []
[2019-03-30 01:09:14] f3il.INFO: App started [] []
[2019-03-30 01:09:16] f3il.INFO: App started [] []
[2019-03-30 01:09:16] f3il.INFO: App started [] []
[2019-03-30 01:09:17] f3il.INFO: App started [] []
[2019-03-30 01:09:17] f3il.INFO: App started [] []
[2019-03-30 01:09:17] f3il.INFO: App started [] []
[2019-03-30 01:09:18] f3il.INFO: App started [] []
[2019-03-30 04:09:13] f3il.INFO: App started [] []
[2019-03-30 04:09:17] f3il.INFO: App started [] []
[2019-03-30 04:09:19] f3il.INFO: App started [] []
[2019-03-30 04:09:21] f3il.INFO: App started [] []
[2019-03-30 04:09:24] f3il.INFO: App started [] []
[2019-03-30 04:09:24] f3il.INFO: App started [] []
[2019-03-30 04:09:25] f3il.INFO: App started [] []
[2019-03-30 04:09:25] f3il.INFO: App started [] []
[2019-03-30 04:09:26] f3il.INFO: App started [] []
[2019-03-30 04:09:26] f3il.INFO: App started [] []
[2019-03-30 04:09:27] f3il.INFO: App started [] []
[2019-03-30 04:09:27] f3il.INFO: App started [] []
[2019-03-30 04:09:27] f3il.INFO: App started [] []
[2019-03-30 04:09:27] f3il.INFO: App started [] []
[2019-03-30 04:09:28] f3il.INFO: App started [] []
[2019-03-30 04:09:28] f3il.INFO: App started [] []
[2019-03-30 04:10:42] f3il.INFO: App started [] []
[2019-03-30 04:11:55] f3il.INFO: App started [] []
[2019-03-30 15:06:03] f3il.INFO: App started [] []
[2019-03-30 15:06:06] f3il.INFO: App started [] []
[2019-03-30 15:06:06] f3il.INFO: App started [] []
[2019-03-30 15:06:08] f3il.INFO: App started [] []
[2019-03-30 15:06:14] f3il.INFO: App started [] []
[2019-03-30 15:06:15] f3il.INFO: App started [] []
[2019-03-30 15:06:19] f3il.INFO: App started [] []
[2019-03-30 15:06:29] f3il.INFO: App started [] []
[2019-03-30 15:06:29] f3il.INFO: App started [] []
[2019-03-30 15:43:43] f3il.INFO: App started [] []
[2019-03-30 15:43:44] f3il.INFO: App started [] []
[2019-03-30 15:43:44] f3il.INFO: App started [] []
[2019-03-30 15:43:45] f3il.INFO: App started [] []
[2019-03-30 15:43:46] f3il.INFO: App started [] []
[2019-03-30 15:43:46] f3il.INFO: App started [] []
[2019-04-06 04:26:44] f3il.INFO: App started [] []
